<?xml version="1.0" encoding="UTF-8"?>
<!-- Generated by org.testng.reporters.JUnitReportReporter -->
<testsuite hostname="Collaberas-MacBook-Pro.local" failures="0" tests="1" name="testscenario_android_testapp.TestCase_02ApiDemos" time="0.013" errors="0" timestamp="2023-05-08T16:42:51 PST" skipped="0">
  <testcase classname="testscenario_android_testapp.TestCase_02ApiDemos" name="testCase01" time="0.013"/>
  <system-out/>
</testsuite> <!-- testscenario_android_testapp.TestCase_02ApiDemos -->
