<?xml version="1.0" encoding="UTF-8"?>
<!-- Generated by org.testng.reporters.JUnitReportReporter -->
<testsuite hostname="Collaberas-MacBook-Pro.local" failures="0" tests="1" name="testcase_android_testapp.TestCase_01TestApp" time="0.012" errors="0" timestamp="2023-05-07T23:17:39 PST" skipped="0">
  <testcase classname="testcase_android_testapp.TestCase_01TestApp" name="f" time="0.012"/>
  <system-out/>
</testsuite> <!-- testcase_android_testapp.TestCase_01TestApp -->
