<?xml version="1.0" encoding="UTF-8"?>
<!-- Generated by org.testng.reporters.JUnitReportReporter -->
<testsuite hostname="Collaberas-MacBook-Pro.local" failures="0" tests="4" name="test_ios_suite.TestCase_UICatalog_UI_10" time="8.979" errors="0" timestamp="2023-05-18T11:01:34 PST" skipped="0">
  <testcase classname="test_ios_suite.TestCase_UICatalog_UI_10" name="UI_10_step01" time="5.729"/>
  <system-out/>
  <testcase classname="test_ios_suite.TestCase_UICatalog_UI_10" name="UI_10_step02" time="1.067"/>
  <system-out/>
  <testcase classname="test_ios_suite.TestCase_UICatalog_UI_10" name="UI_10_step03" time="1.186"/>
  <system-out/>
  <testcase classname="test_ios_suite.TestCase_UICatalog_UI_10" name="UI_10_step04" time="0.997"/>
  <system-out/>
</testsuite> <!-- test_ios_suite.TestCase_UICatalog_UI_10 -->
