<?xml version="1.0" encoding="UTF-8"?>
<!-- Generated by org.testng.reporters.JUnitReportReporter -->
<testsuite hostname="Collaberas-MacBook-Pro.local" failures="0" tests="1" name="testscenario_android_testapp.TestCase_01TestApp" time="7.341" errors="0" timestamp="2023-05-10T10:02:12 PST" skipped="0">
  <testcase classname="testscenario_android_testapp.TestCase_01TestApp" name="testCase01" time="7.341"/>
  <system-out/>
</testsuite> <!-- testscenario_android_testapp.TestCase_01TestApp -->
