<?xml version="1.0" encoding="UTF-8"?>
<!-- Generated by org.testng.reporters.JUnitReportReporter -->
<testsuite hostname="Collaberas-MacBook-Pro.local" failures="0" tests="2" name="test_ios_suite.TestCase_UICatalog_UI_12" time="6.553" errors="0" timestamp="2023-05-18T11:01:34 PST" skipped="0">
  <testcase classname="test_ios_suite.TestCase_UICatalog_UI_12" name="UI_12_step01" time="5.573"/>
  <system-out/>
  <testcase classname="test_ios_suite.TestCase_UICatalog_UI_12" name="UI_12_step02" time="0.980"/>
  <system-out/>
</testsuite> <!-- test_ios_suite.TestCase_UICatalog_UI_12 -->
