<?xml version="1.0" encoding="UTF-8"?>
<!-- Generated by org.testng.reporters.JUnitReportReporter -->
<testsuite hostname="Collaberas-MacBook-Pro.local" failures="0" tests="2" name="test_android_suite.TestCase_BankAppDemo01" time="15.781" errors="0" timestamp="2023-05-16T09:43:14 PST" skipped="0">
  <testcase classname="test_android_suite.TestCase_BankAppDemo01" name="BAD_01_testStep01" time="9.852"/>
  <system-out/>
  <testcase classname="test_android_suite.TestCase_BankAppDemo01" name="BAD_01_testStep02" time="5.929"/>
  <system-out/>
</testsuite> <!-- test_android_suite.TestCase_BankAppDemo01 -->
