<?xml version="1.0" encoding="UTF-8"?>
<!-- Generated by org.testng.reporters.JUnitReportReporter -->
<testsuite hostname="Collaberas-MacBook-Pro.local" failures="0" tests="3" name="testcase_ios_uicatalog.TestCase_UICatalog_UI_01" time="5.724" errors="0" timestamp="2023-05-15T06:03:52 PST" skipped="0">
  <testcase classname="testcase_ios_uicatalog.TestCase_UICatalog_UI_01" name="UI_01_step01" time="0.016"/>
  <system-out/>
  <testcase classname="testcase_ios_uicatalog.TestCase_UICatalog_UI_01" name="UI_01_step02" time="4.014"/>
  <system-out/>
  <testcase classname="testcase_ios_uicatalog.TestCase_UICatalog_UI_01" name="UI_01_step03" time="1.694"/>
  <system-out/>
</testsuite> <!-- testcase_ios_uicatalog.TestCase_UICatalog_UI_01 -->
