<?xml version="1.0" encoding="UTF-8"?>
<!-- Generated by org.testng.reporters.JUnitReportReporter -->
<testsuite hostname="Collaberas-MacBook-Pro.local" failures="0" tests="17" name="test_android_suite.TestCase_BankAppDemo02" time="34.704" errors="0" timestamp="2023-05-16T09:43:14 PST" skipped="0">
  <testcase classname="test_android_suite.TestCase_BankAppDemo02" name="BAD_01_testStep01" time="7.261"/>
  <system-out/>
  <testcase classname="test_android_suite.TestCase_BankAppDemo02" name="BAD_01_testStep02" time="7.765"/>
  <system-out/>
  <testcase classname="test_android_suite.TestCase_BankAppDemo02" name="BAD_01_testStep03" time="2.620"/>
  <system-out/>
  <testcase classname="test_android_suite.TestCase_BankAppDemo02" name="BAD_01_testStep04" time="1.398"/>
  <system-out/>
  <testcase classname="test_android_suite.TestCase_BankAppDemo02" name="BAD_02_testStep01" time="0.191"/>
  <system-out/>
  <testcase classname="test_android_suite.TestCase_BankAppDemo02" name="BAD_02_testStep02" time="0.199"/>
  <system-out/>
  <testcase classname="test_android_suite.TestCase_BankAppDemo02" name="BAD_02_testStep03" time="0.311"/>
  <system-out/>
  <testcase classname="test_android_suite.TestCase_BankAppDemo02" name="BAD_02_testStep04" time="6.076"/>
  <system-out/>
  <testcase classname="test_android_suite.TestCase_BankAppDemo02" name="BAD_02_testStep05" time="0.910"/>
  <system-out/>
  <testcase classname="test_android_suite.TestCase_BankAppDemo02" name="BAD_03_testStep01" time="0.226"/>
  <system-out/>
  <testcase classname="test_android_suite.TestCase_BankAppDemo02" name="BAD_03_testStep02" time="0.184"/>
  <system-out/>
  <testcase classname="test_android_suite.TestCase_BankAppDemo02" name="BAD_03_testStep03" time="0.297"/>
  <system-out/>
  <testcase classname="test_android_suite.TestCase_BankAppDemo02" name="BAD_03_testStep04" time="1.201"/>
  <system-out/>
  <testcase classname="test_android_suite.TestCase_BankAppDemo02" name="BAD_03_testStep05" time="0.842"/>
  <system-out/>
  <testcase classname="test_android_suite.TestCase_BankAppDemo02" name="BAD_03_testStep06" time="3.270"/>
  <system-out/>
  <testcase classname="test_android_suite.TestCase_BankAppDemo02" name="BAD_03_testStep07" time="1.570"/>
  <system-out/>
  <testcase classname="test_android_suite.TestCase_BankAppDemo02" name="BAD_03_testStep08" time="0.383"/>
  <system-out/>
</testsuite> <!-- test_android_suite.TestCase_BankAppDemo02 -->
