<?xml version="1.0" encoding="UTF-8"?>
<!-- Generated by org.testng.reporters.JUnitReportReporter -->
<testsuite hostname="Collaberas-MacBook-Pro.local" failures="0" tests="7" name="test_ios_suite.TestCase_UICatalog_UI_08" time="23.059" errors="0" timestamp="2023-05-18T11:01:34 PST" skipped="0">
  <testcase classname="test_ios_suite.TestCase_UICatalog_UI_08" name="UI_08_step01" time="5.729"/>
  <system-out/>
  <testcase classname="test_ios_suite.TestCase_UICatalog_UI_08" name="UI_08_step02" time="0.948"/>
  <system-out/>
  <testcase classname="test_ios_suite.TestCase_UICatalog_UI_08" name="UI_08_step03" time="1.599"/>
  <system-out/>
  <testcase classname="test_ios_suite.TestCase_UICatalog_UI_08" name="UI_08_step04" time="0.844"/>
  <system-out/>
  <testcase classname="test_ios_suite.TestCase_UICatalog_UI_08" name="UI_08_step05" time="0.883"/>
  <system-out/>
  <testcase classname="test_ios_suite.TestCase_UICatalog_UI_08" name="UI_08_step06" time="0.670"/>
  <system-out/>
  <testcase classname="test_ios_suite.TestCase_UICatalog_UI_08" name="UI_08_step07" time="12.386"/>
  <system-out/>
</testsuite> <!-- test_ios_suite.TestCase_UICatalog_UI_08 -->
