<?xml version="1.0" encoding="UTF-8"?>
<!-- Generated by org.testng.reporters.JUnitReportReporter -->
<testsuite hostname="Collaberas-MacBook-Pro.local" failures="0" tests="1" name="testcase_ios_uicatalog.TestCase_UICatalog" time="4.112" errors="0" timestamp="2023-05-12T10:21:11 PST" skipped="0">
  <testcase classname="testcase_ios_uicatalog.TestCase_UICatalog" name="UI_19_step01" time="4.112"/>
  <system-out/>
</testsuite> <!-- testcase_ios_uicatalog.TestCase_UICatalog -->
