<?xml version="1.0" encoding="UTF-8"?>
<!-- Generated by org.testng.reporters.JUnitReportReporter -->
<testsuite hostname="Collaberas-MacBook-Pro.local" failures="0" tests="4" name="test_ios_suite.TestCase_UICatalog_UI_09" time="8.770" errors="0" timestamp="2023-05-18T11:01:34 PST" skipped="0">
  <testcase classname="test_ios_suite.TestCase_UICatalog_UI_09" name="UI_09_step01" time="5.836"/>
  <system-out/>
  <testcase classname="test_ios_suite.TestCase_UICatalog_UI_09" name="UI_09_step02" time="0.941"/>
  <system-out/>
  <testcase classname="test_ios_suite.TestCase_UICatalog_UI_09" name="UI_09_step03" time="0.992"/>
  <system-out/>
  <testcase classname="test_ios_suite.TestCase_UICatalog_UI_09" name="UI_09_step04" time="1.001"/>
  <system-out/>
</testsuite> <!-- test_ios_suite.TestCase_UICatalog_UI_09 -->
