<?xml version="1.0" encoding="UTF-8"?>
<!-- Generated by org.testng.reporters.JUnitReportReporter -->
<testsuite hostname="Collaberas-MacBook-Pro.local" failures="0" tests="5" name="test_ios_suite.TestCase_UICatalog_UI_11" time="7.940" errors="0" timestamp="2023-05-18T11:01:34 PST" skipped="0">
  <testcase classname="test_ios_suite.TestCase_UICatalog_UI_11" name="UI_11_step01" time="5.580"/>
  <system-out/>
  <testcase classname="test_ios_suite.TestCase_UICatalog_UI_11" name="UI_11_step02" time="0.958"/>
  <system-out/>
  <testcase classname="test_ios_suite.TestCase_UICatalog_UI_11" name="UI_11_step03" time="0.270"/>
  <system-out/>
  <testcase classname="test_ios_suite.TestCase_UICatalog_UI_11" name="UI_11_step04" time="0.879"/>
  <system-out/>
  <testcase classname="test_ios_suite.TestCase_UICatalog_UI_11" name="UI_11_step05" time="0.253"/>
  <system-out/>
</testsuite> <!-- test_ios_suite.TestCase_UICatalog_UI_11 -->
