<?xml version="1.0" encoding="UTF-8"?>
<!-- Generated by org.testng.reporters.JUnitReportReporter -->
<testsuite hostname="Collaberas-MacBook-Pro.local" failures="0" tests="4" name="test_ios_suite.TestCase_UICatalog_UI_14" time="8.255" errors="0" timestamp="2023-05-18T11:01:34 PST" skipped="0">
  <testcase classname="test_ios_suite.TestCase_UICatalog_UI_14" name="UI_14_step01" time="5.774"/>
  <system-out/>
  <testcase classname="test_ios_suite.TestCase_UICatalog_UI_14" name="UI_14_step02" time="0.632"/>
  <system-out/>
  <testcase classname="test_ios_suite.TestCase_UICatalog_UI_14" name="UI_14_step03" time="1.008"/>
  <system-out/>
  <testcase classname="test_ios_suite.TestCase_UICatalog_UI_14" name="UI_14_step04" time="0.841"/>
  <system-out/>
</testsuite> <!-- test_ios_suite.TestCase_UICatalog_UI_14 -->
