<?xml version="1.0" encoding="UTF-8"?>
<!-- Generated by org.testng.reporters.JUnitReportReporter -->
<testsuite hostname="Collaberas-MacBook-Pro.local" failures="0" tests="17" name="testscenario_android_testapp.TestCase_BankAppDemo" time="32.003" errors="0" timestamp="2023-05-16T05:32:24 PST" skipped="0">
  <testcase classname="testscenario_android_testapp.TestCase_BankAppDemo" name="BAD_01_testStep01" time="0.336"/>
  <system-out/>
  <testcase classname="testscenario_android_testapp.TestCase_BankAppDemo" name="BAD_01_testStep02" time="7.991"/>
  <system-out/>
  <testcase classname="testscenario_android_testapp.TestCase_BankAppDemo" name="BAD_01_testStep03" time="3.447"/>
  <system-out/>
  <testcase classname="testscenario_android_testapp.TestCase_BankAppDemo" name="BAD_01_testStep04" time="1.786"/>
  <system-out/>
  <testcase classname="testscenario_android_testapp.TestCase_BankAppDemo" name="BAD_02_testStep01" time="0.002"/>
  <system-out/>
  <testcase classname="testscenario_android_testapp.TestCase_BankAppDemo" name="BAD_02_testStep02" time="0.006"/>
  <system-out/>
  <testcase classname="testscenario_android_testapp.TestCase_BankAppDemo" name="BAD_02_testStep03" time="0.418"/>
  <system-out/>
  <testcase classname="testscenario_android_testapp.TestCase_BankAppDemo" name="BAD_02_testStep04" time="7.088"/>
  <system-out/>
  <testcase classname="testscenario_android_testapp.TestCase_BankAppDemo" name="BAD_02_testStep05" time="1.159"/>
  <system-out/>
  <testcase classname="testscenario_android_testapp.TestCase_BankAppDemo" name="BAD_03_testStep01" time="0.001"/>
  <system-out/>
  <testcase classname="testscenario_android_testapp.TestCase_BankAppDemo" name="BAD_03_testStep02" time="0.004"/>
  <system-out/>
  <testcase classname="testscenario_android_testapp.TestCase_BankAppDemo" name="BAD_03_testStep03" time="0.493"/>
  <system-out/>
  <testcase classname="testscenario_android_testapp.TestCase_BankAppDemo" name="BAD_03_testStep04" time="1.319"/>
  <system-out/>
  <testcase classname="testscenario_android_testapp.TestCase_BankAppDemo" name="BAD_03_testStep05" time="1.073"/>
  <system-out/>
  <testcase classname="testscenario_android_testapp.TestCase_BankAppDemo" name="BAD_03_testStep06" time="4.445"/>
  <system-out/>
  <testcase classname="testscenario_android_testapp.TestCase_BankAppDemo" name="BAD_03_testStep07" time="2.072"/>
  <system-out/>
  <testcase classname="testscenario_android_testapp.TestCase_BankAppDemo" name="BAD_03_testStep08" time="0.363"/>
  <system-out/>
</testsuite> <!-- testscenario_android_testapp.TestCase_BankAppDemo -->
