<?xml version="1.0" encoding="UTF-8"?>
<!-- Generated by org.testng.reporters.JUnitReportReporter -->
<testsuite hostname="Collaberas-MacBook-Pro.local" failures="0" tests="2" name="test_ios_suite.TestCase_UICatalog_UI_03" time="7.396" errors="0" timestamp="2023-05-18T11:01:34 PST" skipped="0">
  <testcase classname="test_ios_suite.TestCase_UICatalog_UI_03" name="UI_03_step01" time="5.589"/>
  <system-out/>
  <testcase classname="test_ios_suite.TestCase_UICatalog_UI_03" name="UI_03_step02" time="1.807"/>
  <system-out/>
</testsuite> <!-- test_ios_suite.TestCase_UICatalog_UI_03 -->
