<?xml version="1.0" encoding="UTF-8"?>
<!-- Generated by org.testng.reporters.JUnitReportReporter -->
<testsuite hostname="Collaberas-MacBook-Pro.local" failures="0" tests="2" name="test_ios_suite.TestCase_UICatalog_UI_04" time="8.914" errors="0" timestamp="2023-05-18T11:01:34 PST" skipped="0">
  <testcase classname="test_ios_suite.TestCase_UICatalog_UI_04" name="UI_04_step01" time="6.297"/>
  <system-out/>
  <testcase classname="test_ios_suite.TestCase_UICatalog_UI_04" name="UI_04_step02" time="2.617"/>
  <system-out/>
</testsuite> <!-- test_ios_suite.TestCase_UICatalog_UI_04 -->
