<?xml version="1.0" encoding="UTF-8"?>
<!-- Generated by org.testng.reporters.JUnitReportReporter -->
<testsuite hostname="Collaberas-MacBook-Pro.local" failures="0" tests="3" name="test_ios_suite_a_parallel.TestCase_UICatalog_UI_01" time="14.002" errors="0" timestamp="2023-05-16T14:31:55 PST" skipped="0">
  <testcase classname="test_ios_suite_a_parallel.TestCase_UICatalog_UI_01" name="UI_01_step01" time="7.595"/>
  <system-out/>
  <testcase classname="test_ios_suite_a_parallel.TestCase_UICatalog_UI_01" name="UI_01_step02" time="4.125"/>
  <system-out/>
  <testcase classname="test_ios_suite_a_parallel.TestCase_UICatalog_UI_01" name="UI_01_step03" time="2.282"/>
  <system-out/>
</testsuite> <!-- test_ios_suite_a_parallel.TestCase_UICatalog_UI_01 -->
