<?xml version="1.0" encoding="UTF-8"?>
<!-- Generated by org.testng.reporters.JUnitReportReporter -->
<testsuite hostname="Collaberas-MacBook-Pro.local" failures="0" tests="1" name="testscenario_android_testapp.TestCase_TestScreenshot" time="0.230" errors="0" timestamp="2023-05-14T22:03:12 PST" skipped="0">
  <testcase classname="testscenario_android_testapp.TestCase_TestScreenshot" name="BAD_01_testStep01" time="0.230"/>
  <system-out/>
</testsuite> <!-- testscenario_android_testapp.TestCase_TestScreenshot -->
