<?xml version="1.0" encoding="UTF-8"?>
<!-- Generated by org.testng.reporters.JUnitReportReporter -->
<testsuite hostname="Collaberas-MacBook-Pro.local" failures="0" tests="2" name="test_ios_suite_a_parallel.TestCase_UICatalog_UI_02" time="7.628" errors="0" timestamp="2023-05-16T14:31:55 PST" skipped="0">
  <testcase classname="test_ios_suite_a_parallel.TestCase_UICatalog_UI_02" name="UI_02_step01" time="5.558"/>
  <system-out/>
  <testcase classname="test_ios_suite_a_parallel.TestCase_UICatalog_UI_02" name="UI_02_step02" time="2.070"/>
  <system-out/>
</testsuite> <!-- test_ios_suite_a_parallel.TestCase_UICatalog_UI_02 -->
