<?xml version="1.0" encoding="UTF-8"?>
<!-- Generated by org.testng.reporters.JUnitReportReporter -->
<testsuite hostname="Collaberas-MacBook-Pro.local" failures="0" tests="1" name="testcase_ios_testapp.TestCase_01TestApp" time="2.701" errors="0" timestamp="2023-05-09T16:38:07 PST" skipped="0">
  <testcase classname="testcase_ios_testapp.TestCase_01TestApp" name="testCase01" time="2.701"/>
  <system-out/>
</testsuite> <!-- testcase_ios_testapp.TestCase_01TestApp -->
