<?xml version="1.0" encoding="UTF-8"?>
<!-- Generated by org.testng.reporters.JUnitReportReporter -->
<testsuite hostname="Collaberas-MacBook-Pro.local" failures="0" tests="3" name="test_ios_suite.TestCase_UICatalog_UI_15" time="13.065" errors="0" timestamp="2023-05-18T11:01:34 PST" skipped="0">
  <testcase classname="test_ios_suite.TestCase_UICatalog_UI_15" name="UI_15_step01" time="8.183"/>
  <system-out/>
  <testcase classname="test_ios_suite.TestCase_UICatalog_UI_15" name="UI_15_step02" time="1.584"/>
  <system-out/>
  <testcase classname="test_ios_suite.TestCase_UICatalog_UI_15" name="UI_15_step03" time="3.298"/>
  <system-out/>
</testsuite> <!-- test_ios_suite.TestCase_UICatalog_UI_15 -->
