<?xml version="1.0" encoding="UTF-8"?>
<!-- Generated by org.testng.reporters.JUnitReportReporter -->
<testsuite hostname="Collaberas-MacBook-Pro.local" failures="0" tests="3" name="test_ios_suite.TestCase_UICatalog_UI_01" time="18.510" errors="0" timestamp="2023-05-18T11:01:34 PST" skipped="0">
  <testcase classname="test_ios_suite.TestCase_UICatalog_UI_01" name="UI_01_step01" time="12.395"/>
  <system-out/>
  <testcase classname="test_ios_suite.TestCase_UICatalog_UI_01" name="UI_01_step02" time="4.135"/>
  <system-out/>
  <testcase classname="test_ios_suite.TestCase_UICatalog_UI_01" name="UI_01_step03" time="1.980"/>
  <system-out/>
</testsuite> <!-- test_ios_suite.TestCase_UICatalog_UI_01 -->
