<?xml version="1.0" encoding="UTF-8"?>
<!-- Generated by org.testng.reporters.JUnitReportReporter -->
<testsuite hostname="Collaberas-MacBook-Pro.local" failures="0" tests="1" name="testscenario_android_testapp.TestCase_04SeekBar" time="0.191" errors="0" timestamp="2023-05-08T16:27:49 PST" skipped="0">
  <testcase classname="testscenario_android_testapp.TestCase_04SeekBar" name="testSeekBar" time="0.191"/>
  <system-out/>
</testsuite> <!-- testscenario_android_testapp.TestCase_04SeekBar -->
