<?xml version="1.0" encoding="UTF-8"?>
<!-- Generated by org.testng.reporters.JUnitReportReporter -->
<testsuite hostname="Collaberas-MacBook-Pro.local" failures="0" tests="2" name="test_ios_suite.TestCase_UICatalog_UI_05" time="7.259" errors="0" timestamp="2023-05-18T11:01:34 PST" skipped="0">
  <testcase classname="test_ios_suite.TestCase_UICatalog_UI_05" name="UI_05_step01" time="5.632"/>
  <system-out/>
  <testcase classname="test_ios_suite.TestCase_UICatalog_UI_05" name="UI_05_step02" time="1.627"/>
  <system-out/>
</testsuite> <!-- test_ios_suite.TestCase_UICatalog_UI_05 -->
