<?xml version="1.0" encoding="UTF-8"?>
<!-- Generated by org.testng.reporters.JUnitReportReporter -->
<testsuite hostname="Collaberas-MacBook-Pro.local" failures="0" tests="4" name="test_ios_suite.TestCase_UICatalog_UI_19" time="8.488" errors="0" timestamp="2023-05-18T11:01:34 PST" skipped="0">
  <testcase classname="test_ios_suite.TestCase_UICatalog_UI_19" name="UI_19_step01" time="5.685"/>
  <system-out/>
  <testcase classname="test_ios_suite.TestCase_UICatalog_UI_19" name="UI_19_step02" time="1.100"/>
  <system-out/>
  <testcase classname="test_ios_suite.TestCase_UICatalog_UI_19" name="UI_19_step03" time="0.950"/>
  <system-out/>
  <testcase classname="test_ios_suite.TestCase_UICatalog_UI_19" name="UI_19_step04" time="0.753"/>
  <system-out/>
</testsuite> <!-- test_ios_suite.TestCase_UICatalog_UI_19 -->
