<?xml version="1.0" encoding="UTF-8"?>
<!-- Generated by org.testng.reporters.JUnitReportReporter -->
<testsuite hostname="Collaberas-MacBook-Pro.local" failures="0" tests="4" name="testscenario_android_testapp.BAD_01" time="11.265" errors="0" timestamp="2023-05-10T10:51:32 PST" skipped="0">
  <testcase classname="testscenario_android_testapp.BAD_01" name="testStep01" time="0.023"/>
  <system-out/>
  <testcase classname="testscenario_android_testapp.BAD_01" name="testStep02" time="7.192"/>
  <system-out/>
  <testcase classname="testscenario_android_testapp.BAD_01" name="testStep03" time="2.801"/>
  <system-out/>
  <testcase classname="testscenario_android_testapp.BAD_01" name="testStep04" time="1.249"/>
  <system-out/>
</testsuite> <!-- testscenario_android_testapp.BAD_01 -->
